0 info it worked if it ends with ok
1 verbose cli [ '/usr/local/Cellar/node/5.6.0/bin/node',
1 verbose cli   '/usr/local/bin/npm',
1 verbose cli   'run',
1 verbose cli   'dist:all' ]
2 info using npm@3.6.0
3 info using node@v5.6.0
4 verbose run-script [ 'predist:all', 'dist:all', 'postdist:all' ]
5 info lifecycle tiy-project@1.0.0~predist:all: tiy-project@1.0.0
6 verbose lifecycle tiy-project@1.0.0~predist:all: unsafe-perm in lifecycle true
7 verbose lifecycle tiy-project@1.0.0~predist:all: PATH: /usr/local/lib/node_modules/npm/bin/node-gyp-bin:/Users/mallerie/startrek/nursing-station-js/node_modules/.bin:/usr/local/lib/node_modules/npm/bin/node-gyp-bin:/Users/mallerie/startrek/nursing-station-js/node_modules/.bin:/usr/local/lib/node_modules/npm/bin/node-gyp-bin:/Users/mallerie/startrek/nursing-station-js/node_modules/.bin:/usr/local/bin:/usr/local/sbin:/Users/mallerie/bin:/usr/bin:/bin:/usr/sbin:/sbin
8 verbose lifecycle tiy-project@1.0.0~predist:all: CWD: /Users/mallerie/startrek/nursing-station-js
9 silly lifecycle tiy-project@1.0.0~predist:all: Args: [ '-c', 'mkdir -p dist dist/js dist/css dist/images' ]
10 silly lifecycle tiy-project@1.0.0~predist:all: Returned: code: 0  signal: null
11 info lifecycle tiy-project@1.0.0~dist:all: tiy-project@1.0.0
12 verbose lifecycle tiy-project@1.0.0~dist:all: unsafe-perm in lifecycle true
13 verbose lifecycle tiy-project@1.0.0~dist:all: PATH: /usr/local/lib/node_modules/npm/bin/node-gyp-bin:/Users/mallerie/startrek/nursing-station-js/node_modules/.bin:/usr/local/lib/node_modules/npm/bin/node-gyp-bin:/Users/mallerie/startrek/nursing-station-js/node_modules/.bin:/usr/local/lib/node_modules/npm/bin/node-gyp-bin:/Users/mallerie/startrek/nursing-station-js/node_modules/.bin:/usr/local/bin:/usr/local/sbin:/Users/mallerie/bin:/usr/bin:/bin:/usr/sbin:/sbin
14 verbose lifecycle tiy-project@1.0.0~dist:all: CWD: /Users/mallerie/startrek/nursing-station-js
15 silly lifecycle tiy-project@1.0.0~dist:all: Args: [ '-c',
15 silly lifecycle   'npm run dist:html && npm run dist:css && npm run dist:js && npm run dist:images && npm run dist:font-awesome' ]
16 silly lifecycle tiy-project@1.0.0~dist:all: Returned: code: 1  signal: null
17 info lifecycle tiy-project@1.0.0~dist:all: Failed to exec dist:all script
18 verbose stack Error: tiy-project@1.0.0 dist:all: `npm run dist:html && npm run dist:css && npm run dist:js && npm run dist:images && npm run dist:font-awesome`
18 verbose stack Exit status 1
18 verbose stack     at EventEmitter.<anonymous> (/usr/local/lib/node_modules/npm/lib/utils/lifecycle.js:232:16)
18 verbose stack     at emitTwo (events.js:100:13)
18 verbose stack     at EventEmitter.emit (events.js:185:7)
18 verbose stack     at ChildProcess.<anonymous> (/usr/local/lib/node_modules/npm/lib/utils/spawn.js:24:14)
18 verbose stack     at emitTwo (events.js:100:13)
18 verbose stack     at ChildProcess.emit (events.js:185:7)
18 verbose stack     at maybeClose (internal/child_process.js:827:16)
18 verbose stack     at Process.ChildProcess._handle.onexit (internal/child_process.js:211:5)
19 verbose pkgid tiy-project@1.0.0
20 verbose cwd /Users/mallerie/startrek/nursing-station-js
21 error Darwin 15.0.0
22 error argv "/usr/local/Cellar/node/5.6.0/bin/node" "/usr/local/bin/npm" "run" "dist:all"
23 error node v5.6.0
24 error npm  v3.6.0
25 error code ELIFECYCLE
26 error tiy-project@1.0.0 dist:all: `npm run dist:html && npm run dist:css && npm run dist:js && npm run dist:images && npm run dist:font-awesome`
26 error Exit status 1
27 error Failed at the tiy-project@1.0.0 dist:all script 'npm run dist:html && npm run dist:css && npm run dist:js && npm run dist:images && npm run dist:font-awesome'.
27 error Make sure you have the latest version of node.js and npm installed.
27 error If you do, this is most likely a problem with the tiy-project package,
27 error not with npm itself.
27 error Tell the author that this fails on your system:
27 error     npm run dist:html && npm run dist:css && npm run dist:js && npm run dist:images && npm run dist:font-awesome
27 error You can get information on how to open an issue for this project with:
27 error     npm bugs tiy-project
27 error Or if that isn't available, you can get their info via:
27 error     npm owner ls tiy-project
27 error There is likely additional logging output above.
28 verbose exit [ 1, true ]
